7-7-2026 19:11:01 - warn: Failed to connect to login server: Client network socket disconnected before secure TLS connection was established
7-7-2026 19:11:01 - warn: Failed to connect to login server: Client network socket disconnected before secure TLS connection was established
7-7-2026 19:11:02 - warn: Failed to connect to login server: Client network socket disconnected before secure TLS connection was established
7-7-2026 19:11:03 - log: Load engine in /Applications/Cocos/Creator/3.8.7/CocosCreator.app/Contents/Resources/resources/3d/engine
7-7-2026 19:11:03 - log: Register native engine in /Applications/Cocos/Creator/3.8.7/CocosCreator.app/Contents/Resources/resources/3d/engine/native
7-7-2026 19:11:03 - log: Request namespace: device-list
7-7-2026 19:11:06 - warn: Failed to connect to login server: Client network socket disconnected before secure TLS connection was established
7-7-2026 19:11:06 - log: [Scene] meshopt wasm decoder initialized
7-7-2026 19:11:06 - log: [Scene] [box2d]:box2d wasm lib loaded.
7-7-2026 19:11:06 - log: [Scene] [bullet]:bullet wasm lib loaded.
7-7-2026 19:11:06 - log: [Scene] [PHYSICS]: using builtin.
7-7-2026 19:11:07 - log: [Scene] Cocos Creator v3.8.7
7-7-2026 19:11:07 - log: [Scene] Using custom pipeline: Builtin
7-7-2026 19:11:07 - log: [Scene] [PHYSICS]: switch from builtin to bullet.
7-7-2026 19:11:07 - log: [Scene] [PHYSICS2D]: switch from builtin to box2d.
7-7-2026 22:10:02 - warn: [Assets] 为更好地打开脚本，请在 {preferences} -> {program} -> {scriptEditor} 里配置打开脚本的应用程序Warn: [Assets] 为更好地打开脚本，请在 {preferences} -> {program} -> {scriptEditor} 里配置打开脚本的应用程序
    at console.warn (/Applications/Cocos/Creator/3.8.7/CocosCreator.app/Contents/Resources/app.asar/node_modules/@sentry/core/src/utils-hoist/instrument/console.ts:40:14)
    at NewConsole.warn (/Applications/Cocos/Creator/3.8.7/CocosCreator.app/Contents/Resources/app.asar/builtin/asset-db/dist/worker/console.ccc:1:1637)
    at findVsCode (/Applications/Cocos/Creator/3.8.7/CocosCreator.app/Contents/Resources/app.asar/modules/engine-extensions/extensions/engine-extends/dist/handler/utils.ccc:1:3691)
    at Object.openCode [as open] (/Applications/Cocos/Creator/3.8.7/CocosCreator.app/Contents/Resources/app.asar/modules/engine-extensions/extensions/engine-extends/dist/handler/utils.ccc:1:3427)
    at Ipc.<anonymous> (/Applications/Cocos/Creator/3.8.7/CocosCreator.app/Contents/Resources/app.asar/builtin/asset-db/dist/worker/ipc.ccc:1:555)
